current directory: /var/www/myapp/code/shared/bundle/ruby/3.1.0/gems/unicorn-6.1.0/ext/unicorn_http
/home/aagii/.rvm/rubies/ruby-3.1.2/bin/ruby -I /home/aagii/.rvm/rubies/ruby-3.1.2/lib/ruby/3.1.0 -r ./siteconf20220614-30484-qtdxbf.rb extconf.rb
checking for rb_hash_clear() in ruby.h... yes
checking if String#-@ (str_uminus) dedupes... yes
checking if Hash#[]= (rb_hash_aset) dedupes... yes
checking for epoll_create1() in sys/epoll.h... yes
creating Makefile

current directory: /var/www/myapp/code/shared/bundle/ruby/3.1.0/gems/unicorn-6.1.0/ext/unicorn_http
make DESTDIR\= clean

current directory: /var/www/myapp/code/shared/bundle/ruby/3.1.0/gems/unicorn-6.1.0/ext/unicorn_http
make DESTDIR\=
compiling httpdate.c
compiling unicorn_http.c
unicorn_http.c:329:18: warning: ‘http_parser_en_main’ defined but not used [-Wunused-const-variable=]
  329 | static const int http_parser_en_main = 1;
      |                  ^~~~~~~~~~~~~~~~~~~
unicorn_http.c:327:18: warning: ‘http_parser_en_ChunkedBody_chunk_chunk_end’ defined but not used [-Wunused-const-variable=]
  327 | static const int http_parser_en_ChunkedBody_chunk_chunk_end = 105;
      |                  ^~~~~~~~~~~~~~~~~~~~~~~~~~~~~~~~~~~~~~~~~~
cc1: warning: unrecognized command line option ‘-Wno-self-assign’
cc1: warning: unrecognized command line option ‘-Wno-parentheses-equality’
cc1: warning: unrecognized command line option ‘-Wno-constant-logical-operand’
linking shared-object unicorn_http.so

current directory: /var/www/myapp/code/shared/bundle/ruby/3.1.0/gems/unicorn-6.1.0/ext/unicorn_http
make DESTDIR\= install
/usr/bin/install -m 0755 unicorn_http.so ./.gem.20220614-30484-szpdei
